<?xml version="1.0" encoding="UTF-8"?>
<!-- Generated by org.testng.reporters.JUnitReportReporter -->
<testsuite skipped="0" hostname="JLT01933L" name="reader" tests="1" failures="0" timestamp="28 Nov 2018 17:38:15 GMT" time="0.004" errors="0">
  <testcase name="xls" time="0.004" classname="reader"/>
</testsuite> <!-- reader -->
