<?xml version="1.0" encoding="UTF-8"?>
<!-- Generated by org.testng.reporters.JUnitReportReporter -->
<testsuite skipped="0" hostname="JLT01933L" name="readExcel" tests="2" failures="0" timestamp="29 Nov 2018 07:18:15 GMT" time="0.110" errors="0">
  <testcase name="excel" time="0.064" classname="readExcel"/>
  <testcase name="excel" time="0.046" classname="readExcel"/>
</testsuite> <!-- readExcel -->
